{
	['2023-04-25 22:34:15'] = {
		['body'] = 'hello linux!!!',
		['type'] = 1,
		['name'] = 'xwz',
		['ip'] = '127.0.0.1',
		['checknum'] = 0,
		['version'] = 1,
		['len'] = 0,
	},
	['2023-04-25 22:42:53'] = {
		['body'] = 'hello linux!!!',
		['type'] = 1,
		['name'] = 'xwz',
		['ip'] = '127.0.0.1',
		['checknum'] = 0,
		['version'] = 1,
		['len'] = 0,
	},
	['2023-04-25 22:42:40'] = {
		['body'] = 'hello linux!!!',
		['type'] = 1,
		['checknum'] = 0,
		['ip'] = '127.0.0.1',
		['name'] = 'xwz',
		['version'] = 1,
		['len'] = 0,
	},
}