{
	['2023-04-29 14:46:18'] = {
		['checknum'] = 8,
		['version'] = 1,
		['len'] = 8,
		['body'] = 'hello!!',
		['type'] = 1,
		['name'] = 'xwz',
		['ip'] = '127.0.0.1',
	},
	['2023-04-29 14:45:42'] = {
		['checknum'] = 8,
		['body'] = 'fuck you',
		['len'] = 9,
		['ip'] = '127.0.0.1',
		['name'] = 'xwz',
		['version'] = 1,
		['type'] = 1,
	},
	['2023-04-29 14:45:09'] = {
		['checknum'] = 8,
		['version'] = 1,
		['len'] = 9,
		['name'] = 'xwz',
		['type'] = 1,
		['body'] = 'fuck you',
		['ip'] = '127.0.0.1',
	},
	['2023-04-29 14:45:39'] = {
		['checknum'] = 8,
		['body'] = 'fuck you',
		['len'] = 9,
		['name'] = 'xwz',
		['ip'] = '127.0.0.1',
		['version'] = 1,
		['type'] = 1,
	},
	['2023-04-29 14:45:37'] = {
		['checknum'] = 8,
		['version'] = 1,
		['len'] = 9,
		['name'] = 'xwz',
		['type'] = 1,
		['body'] = 'fuck you',
		['ip'] = '127.0.0.1',
	},
}