{
	['2023-04-27 21:34:44'] = {
		['body'] = 'hello fuckyou!',
		['name'] = 'xwz',
		['type'] = 1,
		['checknum'] = 0,
		['ip'] = '127.0.0.1',
		['len'] = 0,
		['version'] = 1,
	},
	['2023-04-27 21:37:17'] = {
		['version'] = 1,
		['name'] = 'xwz',
		['type'] = 1,
		['checknum'] = 0,
		['ip'] = '127.0.0.1',
		['len'] = 0,
		['body'] = 'hello world!!!',
	},
	['2023-04-27 21:34:31'] = {
		['body'] = 'hello fuckyou!!!',
		['name'] = 'xwz',
		['type'] = 1,
		['checknum'] = 0,
		['ip'] = '127.0.0.1',
		['len'] = 0,
		['version'] = 1,
	},
	['2023-04-27 21:37:05'] = {
		['body'] = 'hello fuckyou!',
		['name'] = 'xwz',
		['type'] = 1,
		['checknum'] = 0,
		['ip'] = '127.0.0.1',
		['len'] = 0,
		['version'] = 1,
	},
	['2023-04-27 21:34:32'] = {
		['body'] = 'hello fuckyou!!!',
		['name'] = 'xwz',
		['type'] = 1,
		['checknum'] = 0,
		['ip'] = '127.0.0.1',
		['len'] = 0,
		['version'] = 1,
	},
	['2023-04-27 21:33:43'] = {
		['body'] = 'hello fuckyou!!!',
		['name'] = 'xwz',
		['type'] = 1,
		['checknum'] = 0,
		['ip'] = '127.0.0.1',
		['len'] = 0,
		['version'] = 1,
	},
}