{
	['2023-04-30 15:37:28'] = {
		['version'] = 1,
		['len'] = 8,
		['type'] = 1,
		['checknum'] = 8,
		['ip'] = '127.0.0.1',
		['name'] = 'xwz',
		['body'] = 'hello!!',
	},
	['2023-04-30 15:37:07'] = {
		['version'] = 1,
		['len'] = 8,
		['type'] = 1,
		['ip'] = '127.0.0.1',
		['name'] = 'xwz',
		['checknum'] = 8,
		['body'] = 'hello!!',
	},
	['2023-04-30 15:38:18'] = {
		['version'] = 1,
		['len'] = 15,
		['body'] = 'what the fuck?',
		['checknum'] = 14,
		['name'] = 'xwz',
		['ip'] = '127.0.0.1',
		['type'] = 1,
	},
}