{
	['2023-04-26 20:30:21'] = {
		['version'] = 1,
		['type'] = 1,
		['name'] = 'xwz',
		['len'] = 0,
		['body'] = 'hello fuckyou!!!',
		['ip'] = '127.0.0.1',
		['checknum'] = 0,
	},
	['2023-04-26 20:29:37'] = {
		['version'] = 1,
		['type'] = 1,
		['name'] = 'xwz',
		['len'] = 0,
		['body'] = 'hello linux!!!',
		['checknum'] = 0,
		['ip'] = '127.0.0.1',
	},
	['2023-04-26 20:30:52'] = {
		['version'] = 1,
		['name'] = 'xwz',
		['body'] = 'hello fuckyou!!!',
		['len'] = 0,
		['checknum'] = 0,
		['ip'] = '127.0.0.1',
		['type'] = 1,
	},
	['2023-04-26 20:29:35'] = {
		['version'] = 1,
		['type'] = 1,
		['name'] = 'xwz',
		['len'] = 0,
		['body'] = 'hello linux!!!',
		['checknum'] = 0,
		['ip'] = '127.0.0.1',
	},
	['2023-04-26 20:30:23'] = {
		['version'] = 1,
		['type'] = 1,
		['name'] = 'xwz',
		['len'] = 0,
		['body'] = 'hello fuckyou!!!',
		['ip'] = '127.0.0.1',
		['checknum'] = 0,
	},
	['2023-04-26 20:29:28'] = {
		['version'] = 1,
		['type'] = 1,
		['name'] = 'xwz',
		['len'] = 0,
		['body'] = 'hello linux!!!',
		['checknum'] = 0,
		['ip'] = '127.0.0.1',
	},
}