{
	['1970-01-01 08:00:04'] = {
		['times'] = 4,
		['name'] = 'xwz',
		['body'] = 'what the fuck?',
		['type'] = 1,
		['ip'] = '127.0.0.1',
		['version'] = 1,
		['checknum'] = 14,
		['len'] = 15,
	},
	['1970-01-01 08:00:00'] = {
		['times'] = 0,
		['name'] = 'xwz',
		['body'] = 'what the fuck?',
		['type'] = 1,
		['ip'] = '127.0.0.1',
		['version'] = 1,
		['checknum'] = 14,
		['len'] = 15,
	},
	['1970-01-01 08:00:03'] = {
		['times'] = 3,
		['name'] = 'xwz',
		['body'] = 'what the fuck?',
		['type'] = 1,
		['ip'] = '127.0.0.1',
		['version'] = 1,
		['checknum'] = 14,
		['len'] = 15,
	},
	['1970-01-01 08:00:01'] = {
		['times'] = 1,
		['name'] = 'xwz',
		['body'] = 'what the fuck?',
		['type'] = 1,
		['ip'] = '127.0.0.1',
		['version'] = 1,
		['checknum'] = 14,
		['len'] = 15,
	},
	['1970-01-01 08:00:02'] = {
		['times'] = 2,
		['name'] = 'xwz',
		['body'] = 'what the fuck?',
		['type'] = 1,
		['ip'] = '127.0.0.1',
		['version'] = 1,
		['checknum'] = 14,
		['len'] = 15,
	},
}