{
	['2023-05-05 21:57:39'] = {
		['body'] = 'fuck you',
		['times'] = 1683295059,
		['len'] = 8,
		['name'] = 'xwz',
		['checknum'] = 8,
		['version'] = 1,
		['ip'] = '127.0.0.1',
		['type'] = 1,
	},
	['2023-05-05 21:57:34'] = {
		['body'] = 'hello world',
		['times'] = 1683295054,
		['len'] = 11,
		['name'] = 'xwz',
		['checknum'] = 10,
		['version'] = 1,
		['ip'] = '127.0.0.1',
		['type'] = 1,
	},
	['2023-05-05 21:57:40'] = {
		['body'] = 'test',
		['times'] = 1683295060,
		['len'] = 4,
		['name'] = 'xwz',
		['checknum'] = 4,
		['version'] = 1,
		['ip'] = '127.0.0.1',
		['type'] = 1,
	},
	['2023-05-05 22:17:59'] = {
		['body'] = 'what the fuck?',
		['times'] = 1683296279,
		['len'] = 14,
		['name'] = 'xwz',
		['checknum'] = 14,
		['version'] = 1,
		['ip'] = '127.0.0.1',
		['type'] = 1,
	},
}