{
	['2023-04-24 22:44:47'] = {
		['type'] = 1,
		['version'] = 1,
		['checknum'] = 0,
		['len'] = 0,
		['body'] = 'hello linux!!!',
		['ip'] = '127.0.0.1',
		['name'] = 'xwz',
	},
	['2023-04-24 23:01:26'] = {
		['type'] = 1,
		['version'] = 1,
		['checknum'] = 0,
		['len'] = 0,
		['body'] = 'hello linux!!!',
		['ip'] = '127.0.0.1',
		['name'] = 'xwz',
	},
	['2023-04-24 23:02:11'] = {
		['type'] = 1,
		['version'] = 1,
		['ip'] = '127.0.0.1',
		['len'] = 0,
		['checknum'] = 0,
		['body'] = 'hello linux!!!',
		['name'] = 'xwz',
	},
	['2023-04-24 23:02:58'] = {
		['type'] = 1,
		['version'] = 1,
		['body'] = 'hello linux!!!',
		['len'] = 0,
		['checknum'] = 0,
		['ip'] = '127.0.0.1',
		['name'] = 'xwz',
	},
}