[122.1.12	2:16:47]	( 1 )
cardId: 205	name: 优质卡5	quality2
--------------------------------------------------------------
[122.1.12	2:16:47]	( 1 )
cardId: 304	name: 稀有卡4	quality3
--------------------------------------------------------------
[122.1.12	2:16:48]	( 1 )
cardId: 205	name: 优质卡5	quality2
--------------------------------------------------------------
[122.1.12	2:16:49]	( 10 )
cardId: 502	name: 传说卡2	quality5
cardId: 102	name: 普通卡2	quality1
cardId: 102	name: 普通卡2	quality1
cardId: 103	name: 普通卡3	quality1
cardId: 301	name: 稀有卡1	quality3
cardId: 305	name: 稀有卡5	quality3
cardId: 304	name: 稀有卡4	quality3
cardId: 204	name: 优质卡4	quality2
cardId: 104	name: 普通卡4	quality1
cardId: 203	name: 优质卡3	quality2
--------------------------------------------------------------
[122.1.12	2:16:52]	( 1 )
cardId: 101	name: 普通卡1	quality1
--------------------------------------------------------------
[122.1.12	2:16:53]	( 10 )
cardId: 205	name: 优质卡5	quality2
cardId: 201	name: 优质卡1	quality2
cardId: 105	name: 普通卡5	quality1
cardId: 204	name: 优质卡4	quality2
cardId: 105	name: 普通卡5	quality1
cardId: 202	name: 优质卡2	quality2
cardId: 204	name: 优质卡4	quality2
cardId: 303	name: 稀有卡3	quality3
cardId: 201	name: 优质卡1	quality2
cardId: 203	name: 优质卡3	quality2
--------------------------------------------------------------
[122.1.12	10:20:39]	( 1 )
cardId: 202	name: 优质卡2	quality2
--------------------------------------------------------------
[122.1.12	10:20:39]	( 1 )
cardId: 401	name: 史诗卡1	quality4
--------------------------------------------------------------
[122.1.12	10:20:40]	( 1 )
cardId: 104	name: 普通卡4	quality1
--------------------------------------------------------------
[122.1.12	10:20:41]	( 10 )
cardId: 401	name: 史诗卡1	quality4
cardId: 301	name: 稀有卡1	quality3
cardId: 105	name: 普通卡5	quality1
cardId: 403	name: 史诗卡3	quality4
cardId: 105	name: 普通卡5	quality1
cardId: 204	name: 优质卡4	quality2
cardId: 301	name: 稀有卡1	quality3
cardId: 205	name: 优质卡5	quality2
cardId: 304	name: 稀有卡4	quality3
cardId: 404	name: 史诗卡4	quality4
--------------------------------------------------------------
[2022.2.12	19:15:1]	( 1 )
cardId: 203	name: 优质卡3	quality2
--------------------------------------------------------------
[2022.2.12	19:15:1]	( 1 )
cardId: 302	name: 稀有卡2	quality3
--------------------------------------------------------------
[2022.2.12	19:15:1]	( 1 )
cardId: 405	name: 史诗卡5	quality4
--------------------------------------------------------------
[2022.2.12	19:15:3]	( 10 )
cardId: 203	name: 优质卡3	quality2
cardId: 201	name: 优质卡1	quality2
cardId: 101	name: 普通卡1	quality1
cardId: 202	name: 优质卡2	quality2
cardId: 204	name: 优质卡4	quality2
cardId: 305	name: 稀有卡5	quality3
cardId: 201	name: 优质卡1	quality2
cardId: 102	name: 普通卡2	quality1
cardId: 304	name: 稀有卡4	quality3
cardId: 103	name: 普通卡3	quality1
--------------------------------------------------------------
[2022.2.12	11:15:47]	( 10 )
cardId: 203	name: 优质卡3	quality2
cardId: 202	name: 优质卡2	quality2
cardId: 205	name: 优质卡5	quality2
cardId: 204	name: 优质卡4	quality2
cardId: 301	name: 稀有卡1	quality3
cardId: 301	name: 稀有卡1	quality3
cardId: 305	name: 稀有卡5	quality3
cardId: 101	name: 普通卡1	quality1
cardId: 202	name: 优质卡2	quality2
cardId: 102	name: 普通卡2	quality1
--------------------------------------------------------------
[2022.2.12	11:15:49]	( 1 )
cardId: 205	name: 优质卡5	quality2
--------------------------------------------------------------
[2022.2.12	11:15:49]	( 1 )
cardId: 502	name: 传说卡2	quality5
--------------------------------------------------------------
[2022.2.12	11:32:48]	( 1 )
cardId: 502	name: 传说卡2	quality5
--------------------------------------------------------------
[2022.2.12	11:32:50]	( 10 )
cardId: 401	name: 史诗卡1	quality4
cardId: 305	name: 稀有卡5	quality3
cardId: 301	name: 稀有卡1	quality3
cardId: 202	name: 优质卡2	quality2
cardId: 103	name: 普通卡3	quality1
cardId: 201	name: 优质卡1	quality2
cardId: 203	name: 优质卡3	quality2
cardId: 403	name: 史诗卡3	quality4
cardId: 205	name: 优质卡5	quality2
cardId: 301	name: 稀有卡1	quality3
--------------------------------------------------------------
[2022.2.12	11:32:50]	( 10 )
cardId: 203	name: 优质卡3	quality2
cardId: 305	name: 稀有卡5	quality3
cardId: 102	name: 普通卡2	quality1
cardId: 301	name: 稀有卡1	quality3
cardId: 303	name: 稀有卡3	quality3
cardId: 302	name: 稀有卡2	quality3
cardId: 404	name: 史诗卡4	quality4
cardId: 202	name: 优质卡2	quality2
cardId: 204	name: 优质卡4	quality2
cardId: 204	name: 优质卡4	quality2
--------------------------------------------------------------
[2022.2.12	11:32:50]	( 10 )
cardId: 105	name: 普通卡5	quality1
cardId: 202	name: 优质卡2	quality2
cardId: 304	name: 稀有卡4	quality3
cardId: 105	name: 普通卡5	quality1
cardId: 405	name: 史诗卡5	quality4
cardId: 105	name: 普通卡5	quality1
cardId: 105	name: 普通卡5	quality1
cardId: 305	name: 稀有卡5	quality3
cardId: 202	name: 优质卡2	quality2
cardId: 101	name: 普通卡1	quality1
--------------------------------------------------------------
