[info](2023-11-04 21:28:19) sql statment = select * from user where account='测试1'
[info](2023-11-04 21:28:19) session[d34d7739-4197-479c-9c49-6448d0121372] 已连接成功 | ip = 192.168.1.3, port = 39086
[info](2023-11-04 21:28:19) handle_AccpetIOThread | session = [d34d7739-4197-479c-9c49-6448d0121372 : 140126153979648]
[info](2023-11-04 21:31:17) sql statment = select * from user where account='abc'
[info](2023-11-04 21:31:17) session[acf94913-3368-4e7f-9cb1-a121baf80616] 已连接成功 | ip = 192.168.1.3, port = 42054
[info](2023-11-04 21:31:17) handle_AccpetIOThread | session = [acf94913-3368-4e7f-9cb1-a121baf80616 : 140126153979648]
[error](2023-11-04 21:31:36)  handle_readhead | session[acf94913-3368-4e7f-9cb1-a121baf80616] 连接断开, error = End of file [asio.misc:2 at /usr/local/include/boost/asio/detail/reactive_socket_recv_op.hpp:134 in function 'do_complete']
[info](2023-11-04 21:31:36) handle_DisConnectIOThread | session[acf94913-3368-4e7f-9cb1-a121baf80616 : 140126145586944] remove
[info](2023-11-04 21:31:58) sql statment = select * from user where account='abc'
[info](2023-11-04 21:31:58) session[3db8cd89-a453-4365-8498-42b9cd5bc8de] 已连接成功 | ip = 192.168.1.3, port = 36940
[info](2023-11-04 21:31:58) handle_AccpetIOThread | session = [3db8cd89-a453-4365-8498-42b9cd5bc8de : 140126153979648]
[error](2023-11-04 21:32:07)  handle_readhead | session[d34d7739-4197-479c-9c49-6448d0121372] 连接断开, error = End of file [asio.misc:2 at /usr/local/include/boost/asio/detail/reactive_socket_recv_op.hpp:134 in function 'do_complete']
[info](2023-11-04 21:32:07) handle_DisConnectIOThread | session[d34d7739-4197-479c-9c49-6448d0121372 : 140126145586944] remove
[error](2023-11-04 21:32:36)  handle_readhead | session[3db8cd89-a453-4365-8498-42b9cd5bc8de] 连接断开, error = End of file [asio.misc:2 at /usr/local/include/boost/asio/detail/reactive_socket_recv_op.hpp:134 in function 'do_complete']
[info](2023-11-04 21:32:36) handle_DisConnectIOThread | session[3db8cd89-a453-4365-8498-42b9cd5bc8de : 140126145586944] remove
[info](2023-11-04 21:39:57) sql statment = select * from user where account='测试'
[warning](2023-11-04 21:39:57) 数据库没有对应账号
[info](2023-11-04 21:40:11) sql statment = select * from user where account='测试1'
[info](2023-11-04 21:40:11) session[05b47601-e755-47fe-98aa-8c068d67a56f] 已连接成功 | ip = 192.168.1.3, port = 45288
[info](2023-11-04 21:40:11) handle_AccpetIOThread | session = [05b47601-e755-47fe-98aa-8c068d67a56f : 140126153979648]
[error](2023-11-04 21:40:18)  handle_readhead | session[05b47601-e755-47fe-98aa-8c068d67a56f] 连接断开, error = End of file [asio.misc:2 at /usr/local/include/boost/asio/detail/reactive_socket_recv_op.hpp:134 in function 'do_complete']
[info](2023-11-04 21:40:18) handle_DisConnectIOThread | session[05b47601-e755-47fe-98aa-8c068d67a56f : 140126145586944] remove
